This file contains any messages produced by compilers while
running configure, to aid debugging if configure makes a mistake.

It was created by FreeSASA configure 2.0.3, which was
generated by GNU Autoconf 2.69.  Invocation command line was

  $ ./configure --disable-json --disable-xml

## --------- ##
## Platform. ##
## --------- ##

hostname = rost
uname -m = x86_64
uname -r = 4.15.0-58-generic
uname -s = Linux
uname -v = #64-Ubuntu SMP Tue Aug 6 11:12:41 UTC 2019

/usr/bin/uname -p = unknown
/bin/uname -X     = unknown

/bin/arch              = unknown
/usr/bin/arch -k       = unknown
/usr/convex/getsysinfo = unknown
/usr/bin/hostinfo      = unknown
/bin/machine           = unknown
/usr/bin/oslevel       = unknown
/bin/universe          = unknown

PATH: /home/rost/anaconda3/bin
PATH: /home/rost/anaconda3/condabin
PATH: /home/rost/anaconda3/bin
PATH: /home/rost/bin
PATH: /home/rost/.local/bin
PATH: /usr/local/sbin
PATH: /usr/local/bin
PATH: /usr/sbin
PATH: /usr/bin
PATH: /sbin
PATH: /bin
PATH: /usr/games
PATH: /usr/local/games
PATH: /snap/bin


## ----------- ##
## Core tests. ##
## ----------- ##

configure:2433: checking for a BSD-compatible install
configure:2501: result: /usr/bin/install -c
configure:2512: checking whether build environment is sane
configure:2567: result: yes
configure:2718: checking for a thread-safe mkdir -p
configure:2757: result: /bin/mkdir -p
configure:2764: checking for gawk
configure:2794: result: no
configure:2764: checking for mawk
configure:2780: found /usr/bin/mawk
configure:2791: result: mawk
configure:2802: checking whether make sets $(MAKE)
configure:2824: result: yes
configure:2853: checking whether make supports nested variables
configure:2870: result: yes
configure:3142: checking for gcc
configure:3158: found /usr/bin/gcc
configure:3169: result: gcc
configure:3398: checking for C compiler version
configure:3407: gcc --version >&5
gcc (Ubuntu 7.4.0-1ubuntu1~18.04.1) 7.4.0
Copyright (C) 2017 Free Software Foundation, Inc.
This is free software; see the source for copying conditions.  There is NO
warranty; not even for MERCHANTABILITY or FITNESS FOR A PARTICULAR PURPOSE.

configure:3418: $? = 0
configure:3407: gcc -v >&5
Using built-in specs.
COLLECT_GCC=gcc
COLLECT_LTO_WRAPPER=/usr/lib/gcc/x86_64-linux-gnu/7/lto-wrapper
OFFLOAD_TARGET_NAMES=nvptx-none
OFFLOAD_TARGET_DEFAULT=1
Target: x86_64-linux-gnu
Configured with: ../src/configure -v --with-pkgversion='Ubuntu 7.4.0-1ubuntu1~18.04.1' --with-bugurl=file:///usr/share/doc/gcc-7/README.Bugs --enable-languages=c,ada,c++,go,brig,d,fortran,objc,obj-c++ --prefix=/usr --with-gcc-major-version-only --program-suffix=-7 --program-prefix=x86_64-linux-gnu- --enable-shared --enable-linker-build-id --libexecdir=/usr/lib --without-included-gettext --enable-threads=posix --libdir=/usr/lib --enable-nls --with-sysroot=/ --enable-clocale=gnu --enable-libstdcxx-debug --enable-libstdcxx-time=yes --with-default-libstdcxx-abi=new --enable-gnu-unique-object --disable-vtable-verify --enable-libmpx --enable-plugin --enable-default-pie --with-system-zlib --with-target-system-zlib --enable-objc-gc=auto --enable-multiarch --disable-werror --with-arch-32=i686 --with-abi=m64 --with-multilib-list=m32,m64,mx32 --enable-multilib --with-tune=generic --enable-offload-targets=nvptx-none --without-cuda-driver --enable-checking=release --build=x86_64-linux-gnu --host=x86_64-linux-gnu --target=x86_64-linux-gnu
Thread model: posix
gcc version 7.4.0 (Ubuntu 7.4.0-1ubuntu1~18.04.1) 
configure:3418: $? = 0
configure:3407: gcc -V >&5
gcc: error: unrecognized command line option '-V'
gcc: fatal error: no input files
compilation terminated.
configure:3418: $? = 1
configure:3407: gcc -qversion >&5
gcc: error: unrecognized command line option '-qversion'; did you mean '--version'?
gcc: fatal error: no input files
compilation terminated.
configure:3418: $? = 1
configure:3438: checking whether the C compiler works
configure:3460: gcc    conftest.c  >&5
configure:3464: $? = 0
configure:3512: result: yes
configure:3515: checking for C compiler default output file name
configure:3517: result: a.out
configure:3523: checking for suffix of executables
configure:3530: gcc -o conftest    conftest.c  >&5
configure:3534: $? = 0
configure:3556: result: 
configure:3578: checking whether we are cross compiling
configure:3586: gcc -o conftest    conftest.c  >&5
configure:3590: $? = 0
configure:3597: ./conftest
configure:3601: $? = 0
configure:3616: result: no
configure:3621: checking for suffix of object files
configure:3643: gcc -c   conftest.c >&5
configure:3647: $? = 0
configure:3668: result: o
configure:3672: checking whether we are using the GNU C compiler
configure:3691: gcc -c   conftest.c >&5
configure:3691: $? = 0
configure:3700: result: yes
configure:3709: checking whether gcc accepts -g
configure:3729: gcc -c -g  conftest.c >&5
configure:3729: $? = 0
configure:3770: result: yes
configure:3787: checking for gcc option to accept ISO C89
configure:3850: gcc  -c -g -O2  conftest.c >&5
configure:3850: $? = 0
configure:3863: result: none needed
configure:3888: checking whether gcc understands -c and -o together
configure:3910: gcc -c conftest.c -o conftest2.o
configure:3913: $? = 0
configure:3910: gcc -c conftest.c -o conftest2.o
configure:3913: $? = 0
configure:3925: result: yes
configure:3953: checking for style of include used by make
configure:3981: result: GNU
configure:4007: checking dependency style of gcc
configure:4118: result: gcc3
configure:4176: checking for ranlib
configure:4192: found /usr/bin/ranlib
configure:4203: result: ranlib
configure:4229: checking for sqrt in -lm
configure:4254: gcc -o conftest -g -O2   conftest.c -lm   >&5
conftest.c:21:6: warning: conflicting types for built-in function 'sqrt' [-Wbuiltin-declaration-mismatch]
 char sqrt ();
      ^~~~
configure:4254: $? = 0
configure:4263: result: yes
configure:4274: checking for dlsym in -ldl
configure:4299: gcc -o conftest -g -O2   conftest.c -ldl  -lm  >&5
configure:4299: $? = 0
configure:4308: result: yes
configure:4326: checking how to run the C preprocessor
configure:4357: gcc -E  conftest.c
configure:4357: $? = 0
configure:4371: gcc -E  conftest.c
conftest.c:16:10: fatal error: ac_nonexistent.h: No such file or directory
 #include <ac_nonexistent.h>
          ^~~~~~~~~~~~~~~~~~
compilation terminated.
configure:4371: $? = 1
configure: failed program was:
| /* confdefs.h */
| #define PACKAGE_NAME "FreeSASA"
| #define PACKAGE_TARNAME "freesasa"
| #define PACKAGE_VERSION "2.0.3"
| #define PACKAGE_STRING "FreeSASA 2.0.3"
| #define PACKAGE_BUGREPORT ""
| #define PACKAGE_URL ""
| #define PACKAGE "freesasa"
| #define VERSION "2.0.3"
| #define REPORTBUG "Report bugs to <https://github.com/mittinatten/freesasa/issues>"
| #define HOMEPAGE "<http://freesasa.github.io>"
| #define FREESASA_XMLNS "http://freesasa.github.io/"
| #define HAVE_LIBM 1
| #define HAVE_LIBDL 1
| /* end confdefs.h.  */
| #include <ac_nonexistent.h>
configure:4396: result: gcc -E
configure:4416: gcc -E  conftest.c
configure:4416: $? = 0
configure:4430: gcc -E  conftest.c
conftest.c:16:10: fatal error: ac_nonexistent.h: No such file or directory
 #include <ac_nonexistent.h>
          ^~~~~~~~~~~~~~~~~~
compilation terminated.
configure:4430: $? = 1
configure: failed program was:
| /* confdefs.h */
| #define PACKAGE_NAME "FreeSASA"
| #define PACKAGE_TARNAME "freesasa"
| #define PACKAGE_VERSION "2.0.3"
| #define PACKAGE_STRING "FreeSASA 2.0.3"
| #define PACKAGE_BUGREPORT ""
| #define PACKAGE_URL ""
| #define PACKAGE "freesasa"
| #define VERSION "2.0.3"
| #define REPORTBUG "Report bugs to <https://github.com/mittinatten/freesasa/issues>"
| #define HOMEPAGE "<http://freesasa.github.io>"
| #define FREESASA_XMLNS "http://freesasa.github.io/"
| #define HAVE_LIBM 1
| #define HAVE_LIBDL 1
| /* end confdefs.h.  */
| #include <ac_nonexistent.h>
configure:4459: checking for grep that handles long lines and -e
configure:4517: result: /bin/grep
configure:4522: checking for egrep
configure:4584: result: /bin/grep -E
configure:4589: checking for ANSI C header files
configure:4609: gcc -c -g -O2  conftest.c >&5
configure:4609: $? = 0
configure:4682: gcc -o conftest -g -O2   conftest.c -ldl -lm  >&5
configure:4682: $? = 0
configure:4682: ./conftest
configure:4682: $? = 0
configure:4693: result: yes
configure:4706: checking for sys/types.h
configure:4706: gcc -c -g -O2  conftest.c >&5
configure:4706: $? = 0
configure:4706: result: yes
configure:4706: checking for sys/stat.h
configure:4706: gcc -c -g -O2  conftest.c >&5
configure:4706: $? = 0
configure:4706: result: yes
configure:4706: checking for stdlib.h
configure:4706: gcc -c -g -O2  conftest.c >&5
configure:4706: $? = 0
configure:4706: result: yes
configure:4706: checking for string.h
configure:4706: gcc -c -g -O2  conftest.c >&5
configure:4706: $? = 0
configure:4706: result: yes
configure:4706: checking for memory.h
configure:4706: gcc -c -g -O2  conftest.c >&5
configure:4706: $? = 0
configure:4706: result: yes
configure:4706: checking for strings.h
configure:4706: gcc -c -g -O2  conftest.c >&5
configure:4706: $? = 0
configure:4706: result: yes
configure:4706: checking for inttypes.h
configure:4706: gcc -c -g -O2  conftest.c >&5
configure:4706: $? = 0
configure:4706: result: yes
configure:4706: checking for stdint.h
configure:4706: gcc -c -g -O2  conftest.c >&5
configure:4706: $? = 0
configure:4706: result: yes
configure:4706: checking for unistd.h
configure:4706: gcc -c -g -O2  conftest.c >&5
configure:4706: $? = 0
configure:4706: result: yes
configure:4718: checking for size_t
configure:4718: gcc -c -g -O2  conftest.c >&5
configure:4718: $? = 0
configure:4718: gcc -c -g -O2  conftest.c >&5
conftest.c: In function 'main':
conftest.c:62:21: error: expected expression before ')' token
 if (sizeof ((size_t)))
                     ^
configure:4718: $? = 1
configure: failed program was:
| /* confdefs.h */
| #define PACKAGE_NAME "FreeSASA"
| #define PACKAGE_TARNAME "freesasa"
| #define PACKAGE_VERSION "2.0.3"
| #define PACKAGE_STRING "FreeSASA 2.0.3"
| #define PACKAGE_BUGREPORT ""
| #define PACKAGE_URL ""
| #define PACKAGE "freesasa"
| #define VERSION "2.0.3"
| #define REPORTBUG "Report bugs to <https://github.com/mittinatten/freesasa/issues>"
| #define HOMEPAGE "<http://freesasa.github.io>"
| #define FREESASA_XMLNS "http://freesasa.github.io/"
| #define HAVE_LIBM 1
| #define HAVE_LIBDL 1
| #define STDC_HEADERS 1
| #define HAVE_SYS_TYPES_H 1
| #define HAVE_SYS_STAT_H 1
| #define HAVE_STDLIB_H 1
| #define HAVE_STRING_H 1
| #define HAVE_MEMORY_H 1
| #define HAVE_STRINGS_H 1
| #define HAVE_INTTYPES_H 1
| #define HAVE_STDINT_H 1
| #define HAVE_UNISTD_H 1
| /* end confdefs.h.  */
| #include <stdio.h>
| #ifdef HAVE_SYS_TYPES_H
| # include <sys/types.h>
| #endif
| #ifdef HAVE_SYS_STAT_H
| # include <sys/stat.h>
| #endif
| #ifdef STDC_HEADERS
| # include <stdlib.h>
| # include <stddef.h>
| #else
| # ifdef HAVE_STDLIB_H
| #  include <stdlib.h>
| # endif
| #endif
| #ifdef HAVE_STRING_H
| # if !defined STDC_HEADERS && defined HAVE_MEMORY_H
| #  include <memory.h>
| # endif
| # include <string.h>
| #endif
| #ifdef HAVE_STRINGS_H
| # include <strings.h>
| #endif
| #ifdef HAVE_INTTYPES_H
| # include <inttypes.h>
| #endif
| #ifdef HAVE_STDINT_H
| # include <stdint.h>
| #endif
| #ifdef HAVE_UNISTD_H
| # include <unistd.h>
| #endif
| int
| main ()
| {
| if (sizeof ((size_t)))
| 	    return 0;
|   ;
|   return 0;
| }
configure:4718: result: yes
configure:4731: checking for working alloca.h
configure:4748: gcc -o conftest -g -O2   conftest.c -ldl -lm  >&5
configure:4748: $? = 0
configure:4756: result: yes
configure:4764: checking for alloca
configure:4801: gcc -o conftest -g -O2   conftest.c -ldl -lm  >&5
configure:4801: $? = 0
configure:4809: result: yes
configure:4918: checking for inttypes.h
configure:4918: result: yes
configure:4918: checking libintl.h usability
configure:4918: gcc -c -g -O2  conftest.c >&5
configure:4918: $? = 0
configure:4918: result: yes
configure:4918: checking libintl.h presence
configure:4918: gcc -E  conftest.c
configure:4918: $? = 0
configure:4918: result: yes
configure:4918: checking for libintl.h
configure:4918: result: yes
configure:4918: checking malloc.h usability
configure:4918: gcc -c -g -O2  conftest.c >&5
configure:4918: $? = 0
configure:4918: result: yes
configure:4918: checking malloc.h presence
configure:4918: gcc -E  conftest.c
configure:4918: $? = 0
configure:4918: result: yes
configure:4918: checking for malloc.h
configure:4918: result: yes
configure:4918: checking stddef.h usability
configure:4918: gcc -c -g -O2  conftest.c >&5
configure:4918: $? = 0
configure:4918: result: yes
configure:4918: checking stddef.h presence
configure:4918: gcc -E  conftest.c
configure:4918: $? = 0
configure:4918: result: yes
configure:4918: checking for stddef.h
configure:4918: result: yes
configure:4918: checking for stdlib.h
configure:4918: result: yes
configure:4918: checking for string.h
configure:4918: result: yes
configure:4918: checking for strings.h
configure:4918: result: yes
configure:4918: checking sys/time.h usability
configure:4918: gcc -c -g -O2  conftest.c >&5
configure:4918: $? = 0
configure:4918: result: yes
configure:4918: checking sys/time.h presence
configure:4918: gcc -E  conftest.c
configure:4918: $? = 0
configure:4918: result: yes
configure:4918: checking for sys/time.h
configure:4918: result: yes
configure:4918: checking for unistd.h
configure:4918: result: yes
configure:4918: checking dlfcn.h usability
configure:4918: gcc -c -g -O2  conftest.c >&5
configure:4918: $? = 0
configure:4918: result: yes
configure:4918: checking dlfcn.h presence
configure:4918: gcc -E  conftest.c
configure:4918: $? = 0
configure:4918: result: yes
configure:4918: checking for dlfcn.h
configure:4918: result: yes
configure:4930: checking for inline
configure:4946: gcc -c -g -O2  conftest.c >&5
configure:4946: $? = 0
configure:4954: result: inline
configure:4972: checking for size_t
configure:4972: result: yes
configure:4983: checking for C/C++ restrict keyword
configure:5008: gcc -c -g -O2  conftest.c >&5
configure:5008: $? = 0
configure:5016: result: __restrict
configure:5029: checking for int16_t
configure:5029: gcc -c -g -O2  conftest.c >&5
configure:5029: $? = 0
configure:5029: gcc -c -g -O2  conftest.c >&5
conftest.c: In function 'main':
conftest.c:76:12: error: size of array 'test_array' is negative
 static int test_array [1 - 2 * !((int16_t) (((((int16_t) 1 << N) << N) - 1) * 2 + 1)
            ^~~~~~~~~~
configure:5029: $? = 1
configure: failed program was:
| /* confdefs.h */
| #define PACKAGE_NAME "FreeSASA"
| #define PACKAGE_TARNAME "freesasa"
| #define PACKAGE_VERSION "2.0.3"
| #define PACKAGE_STRING "FreeSASA 2.0.3"
| #define PACKAGE_BUGREPORT ""
| #define PACKAGE_URL ""
| #define PACKAGE "freesasa"
| #define VERSION "2.0.3"
| #define REPORTBUG "Report bugs to <https://github.com/mittinatten/freesasa/issues>"
| #define HOMEPAGE "<http://freesasa.github.io>"
| #define FREESASA_XMLNS "http://freesasa.github.io/"
| #define HAVE_LIBM 1
| #define HAVE_LIBDL 1
| #define STDC_HEADERS 1
| #define HAVE_SYS_TYPES_H 1
| #define HAVE_SYS_STAT_H 1
| #define HAVE_STDLIB_H 1
| #define HAVE_STRING_H 1
| #define HAVE_MEMORY_H 1
| #define HAVE_STRINGS_H 1
| #define HAVE_INTTYPES_H 1
| #define HAVE_STDINT_H 1
| #define HAVE_UNISTD_H 1
| #define HAVE_ALLOCA_H 1
| #define HAVE_ALLOCA 1
| #define HAVE_INTTYPES_H 1
| #define HAVE_LIBINTL_H 1
| #define HAVE_MALLOC_H 1
| #define HAVE_STDDEF_H 1
| #define HAVE_STDLIB_H 1
| #define HAVE_STRING_H 1
| #define HAVE_STRINGS_H 1
| #define HAVE_SYS_TIME_H 1
| #define HAVE_UNISTD_H 1
| #define HAVE_DLFCN_H 1
| #define restrict __restrict
| /* end confdefs.h.  */
| #include <stdio.h>
| #ifdef HAVE_SYS_TYPES_H
| # include <sys/types.h>
| #endif
| #ifdef HAVE_SYS_STAT_H
| # include <sys/stat.h>
| #endif
| #ifdef STDC_HEADERS
| # include <stdlib.h>
| # include <stddef.h>
| #else
| # ifdef HAVE_STDLIB_H
| #  include <stdlib.h>
| # endif
| #endif
| #ifdef HAVE_STRING_H
| # if !defined STDC_HEADERS && defined HAVE_MEMORY_H
| #  include <memory.h>
| # endif
| # include <string.h>
| #endif
| #ifdef HAVE_STRINGS_H
| # include <strings.h>
| #endif
| #ifdef HAVE_INTTYPES_H
| # include <inttypes.h>
| #endif
| #ifdef HAVE_STDINT_H
| # include <stdint.h>
| #endif
| #ifdef HAVE_UNISTD_H
| # include <unistd.h>
| #endif
| 	        enum { N = 16 / 2 - 1 };
| int
| main ()
| {
| static int test_array [1 - 2 * !((int16_t) (((((int16_t) 1 << N) << N) - 1) * 2 + 1)
| 		 < (int16_t) (((((int16_t) 1 << N) << N) - 1) * 2 + 2))];
| test_array [0] = 0;
| return test_array [0];
| 
|   ;
|   return 0;
| }
configure:5029: result: yes
configure:5040: checking for int32_t
configure:5040: gcc -c -g -O2  conftest.c >&5
configure:5040: $? = 0
configure:5040: gcc -c -g -O2  conftest.c >&5
conftest.c: In function 'main':
conftest.c:77:53: warning: integer overflow in expression [-Woverflow]
    < (int32_t) (((((int32_t) 1 << N) << N) - 1) * 2 + 2))];
                                                     ^
conftest.c:76:12: error: storage size of 'test_array' isn't constant
 static int test_array [1 - 2 * !((int32_t) (((((int32_t) 1 << N) << N) - 1) * 2 + 1)
            ^~~~~~~~~~
configure:5040: $? = 1
configure: failed program was:
| /* confdefs.h */
| #define PACKAGE_NAME "FreeSASA"
| #define PACKAGE_TARNAME "freesasa"
| #define PACKAGE_VERSION "2.0.3"
| #define PACKAGE_STRING "FreeSASA 2.0.3"
| #define PACKAGE_BUGREPORT ""
| #define PACKAGE_URL ""
| #define PACKAGE "freesasa"
| #define VERSION "2.0.3"
| #define REPORTBUG "Report bugs to <https://github.com/mittinatten/freesasa/issues>"
| #define HOMEPAGE "<http://freesasa.github.io>"
| #define FREESASA_XMLNS "http://freesasa.github.io/"
| #define HAVE_LIBM 1
| #define HAVE_LIBDL 1
| #define STDC_HEADERS 1
| #define HAVE_SYS_TYPES_H 1
| #define HAVE_SYS_STAT_H 1
| #define HAVE_STDLIB_H 1
| #define HAVE_STRING_H 1
| #define HAVE_MEMORY_H 1
| #define HAVE_STRINGS_H 1
| #define HAVE_INTTYPES_H 1
| #define HAVE_STDINT_H 1
| #define HAVE_UNISTD_H 1
| #define HAVE_ALLOCA_H 1
| #define HAVE_ALLOCA 1
| #define HAVE_INTTYPES_H 1
| #define HAVE_LIBINTL_H 1
| #define HAVE_MALLOC_H 1
| #define HAVE_STDDEF_H 1
| #define HAVE_STDLIB_H 1
| #define HAVE_STRING_H 1
| #define HAVE_STRINGS_H 1
| #define HAVE_SYS_TIME_H 1
| #define HAVE_UNISTD_H 1
| #define HAVE_DLFCN_H 1
| #define restrict __restrict
| /* end confdefs.h.  */
| #include <stdio.h>
| #ifdef HAVE_SYS_TYPES_H
| # include <sys/types.h>
| #endif
| #ifdef HAVE_SYS_STAT_H
| # include <sys/stat.h>
| #endif
| #ifdef STDC_HEADERS
| # include <stdlib.h>
| # include <stddef.h>
| #else
| # ifdef HAVE_STDLIB_H
| #  include <stdlib.h>
| # endif
| #endif
| #ifdef HAVE_STRING_H
| # if !defined STDC_HEADERS && defined HAVE_MEMORY_H
| #  include <memory.h>
| # endif
| # include <string.h>
| #endif
| #ifdef HAVE_STRINGS_H
| # include <strings.h>
| #endif
| #ifdef HAVE_INTTYPES_H
| # include <inttypes.h>
| #endif
| #ifdef HAVE_STDINT_H
| # include <stdint.h>
| #endif
| #ifdef HAVE_UNISTD_H
| # include <unistd.h>
| #endif
| 	        enum { N = 32 / 2 - 1 };
| int
| main ()
| {
| static int test_array [1 - 2 * !((int32_t) (((((int32_t) 1 << N) << N) - 1) * 2 + 1)
| 		 < (int32_t) (((((int32_t) 1 << N) << N) - 1) * 2 + 2))];
| test_array [0] = 0;
| return test_array [0];
| 
|   ;
|   return 0;
| }
configure:5040: result: yes
configure:5051: checking for int8_t
configure:5051: gcc -c -g -O2  conftest.c >&5
configure:5051: $? = 0
configure:5051: gcc -c -g -O2  conftest.c >&5
conftest.c: In function 'main':
conftest.c:76:12: error: size of array 'test_array' is negative
 static int test_array [1 - 2 * !((int8_t) (((((int8_t) 1 << N) << N) - 1) * 2 + 1)
            ^~~~~~~~~~
configure:5051: $? = 1
configure: failed program was:
| /* confdefs.h */
| #define PACKAGE_NAME "FreeSASA"
| #define PACKAGE_TARNAME "freesasa"
| #define PACKAGE_VERSION "2.0.3"
| #define PACKAGE_STRING "FreeSASA 2.0.3"
| #define PACKAGE_BUGREPORT ""
| #define PACKAGE_URL ""
| #define PACKAGE "freesasa"
| #define VERSION "2.0.3"
| #define REPORTBUG "Report bugs to <https://github.com/mittinatten/freesasa/issues>"
| #define HOMEPAGE "<http://freesasa.github.io>"
| #define FREESASA_XMLNS "http://freesasa.github.io/"
| #define HAVE_LIBM 1
| #define HAVE_LIBDL 1
| #define STDC_HEADERS 1
| #define HAVE_SYS_TYPES_H 1
| #define HAVE_SYS_STAT_H 1
| #define HAVE_STDLIB_H 1
| #define HAVE_STRING_H 1
| #define HAVE_MEMORY_H 1
| #define HAVE_STRINGS_H 1
| #define HAVE_INTTYPES_H 1
| #define HAVE_STDINT_H 1
| #define HAVE_UNISTD_H 1
| #define HAVE_ALLOCA_H 1
| #define HAVE_ALLOCA 1
| #define HAVE_INTTYPES_H 1
| #define HAVE_LIBINTL_H 1
| #define HAVE_MALLOC_H 1
| #define HAVE_STDDEF_H 1
| #define HAVE_STDLIB_H 1
| #define HAVE_STRING_H 1
| #define HAVE_STRINGS_H 1
| #define HAVE_SYS_TIME_H 1
| #define HAVE_UNISTD_H 1
| #define HAVE_DLFCN_H 1
| #define restrict __restrict
| /* end confdefs.h.  */
| #include <stdio.h>
| #ifdef HAVE_SYS_TYPES_H
| # include <sys/types.h>
| #endif
| #ifdef HAVE_SYS_STAT_H
| # include <sys/stat.h>
| #endif
| #ifdef STDC_HEADERS
| # include <stdlib.h>
| # include <stddef.h>
| #else
| # ifdef HAVE_STDLIB_H
| #  include <stdlib.h>
| # endif
| #endif
| #ifdef HAVE_STRING_H
| # if !defined STDC_HEADERS && defined HAVE_MEMORY_H
| #  include <memory.h>
| # endif
| # include <string.h>
| #endif
| #ifdef HAVE_STRINGS_H
| # include <strings.h>
| #endif
| #ifdef HAVE_INTTYPES_H
| # include <inttypes.h>
| #endif
| #ifdef HAVE_STDINT_H
| # include <stdint.h>
| #endif
| #ifdef HAVE_UNISTD_H
| # include <unistd.h>
| #endif
| 	        enum { N = 8 / 2 - 1 };
| int
| main ()
| {
| static int test_array [1 - 2 * !((int8_t) (((((int8_t) 1 << N) << N) - 1) * 2 + 1)
| 		 < (int8_t) (((((int8_t) 1 << N) << N) - 1) * 2 + 2))];
| test_array [0] = 0;
| return test_array [0];
| 
|   ;
|   return 0;
| }
configure:5051: result: yes
configure:5062: checking for uint16_t
configure:5062: gcc -c -g -O2  conftest.c >&5
configure:5062: $? = 0
configure:5062: result: yes
configure:5074: checking for uint32_t
configure:5074: gcc -c -g -O2  conftest.c >&5
configure:5074: $? = 0
configure:5074: result: yes
configure:5088: checking for uint64_t
configure:5088: gcc -c -g -O2  conftest.c >&5
configure:5088: $? = 0
configure:5088: result: yes
configure:5102: checking for uint8_t
configure:5102: gcc -c -g -O2  conftest.c >&5
configure:5102: $? = 0
configure:5102: result: yes
configure:5118: checking for gcc option to accept ISO C99
configure:5267: gcc  -c -g -O2  conftest.c >&5
configure:5267: $? = 0
configure:5280: result: none needed
configure:5295: checking for inline
configure:5319: result: inline
configure:5341: checking for stdlib.h
configure:5341: result: yes
configure:5351: checking for GNU libc compatible malloc
configure:5375: gcc -o conftest -g -O2   conftest.c -ldl -lm  >&5
configure:5375: $? = 0
configure:5375: ./conftest
configure:5375: $? = 0
configure:5385: result: yes
configure:5408: checking for stdlib.h
configure:5408: result: yes
configure:5418: checking for GNU libc compatible realloc
configure:5442: gcc -o conftest -g -O2   conftest.c -ldl -lm  >&5
configure:5442: $? = 0
configure:5442: ./conftest
configure:5442: $? = 0
configure:5452: result: yes
configure:5476: checking for memset
configure:5476: gcc -o conftest -g -O2   conftest.c -ldl -lm  >&5
conftest.c:66:6: warning: conflicting types for built-in function 'memset' [-Wbuiltin-declaration-mismatch]
 char memset ();
      ^~~~~~
configure:5476: $? = 0
configure:5476: result: yes
configure:5476: checking for mkdir
configure:5476: gcc -o conftest -g -O2   conftest.c -ldl -lm  >&5
configure:5476: $? = 0
configure:5476: result: yes
configure:5476: checking for sqrt
configure:5476: gcc -o conftest -g -O2   conftest.c -ldl -lm  >&5
conftest.c:68:6: warning: conflicting types for built-in function 'sqrt' [-Wbuiltin-declaration-mismatch]
 char sqrt ();
      ^~~~
configure:5476: $? = 0
configure:5476: result: yes
configure:5476: checking for strchr
configure:5476: gcc -o conftest -g -O2   conftest.c -ldl -lm  >&5
conftest.c:69:6: warning: conflicting types for built-in function 'strchr' [-Wbuiltin-declaration-mismatch]
 char strchr ();
      ^~~~~~
configure:5476: $? = 0
configure:5476: result: yes
configure:5476: checking for strdup
configure:5476: gcc -o conftest -g -O2   conftest.c -ldl -lm  >&5
conftest.c:70:6: warning: conflicting types for built-in function 'strdup' [-Wbuiltin-declaration-mismatch]
 char strdup ();
      ^~~~~~
configure:5476: $? = 0
configure:5476: result: yes
configure:5476: checking for strerror
configure:5476: gcc -o conftest -g -O2   conftest.c -ldl -lm  >&5
configure:5476: $? = 0
configure:5476: result: yes
configure:5476: checking for strncasecmp
configure:5476: gcc -o conftest -g -O2   conftest.c -ldl -lm  >&5
conftest.c:72:6: warning: conflicting types for built-in function 'strncasecmp' [-Wbuiltin-declaration-mismatch]
 char strncasecmp ();
      ^~~~~~~~~~~
configure:5476: $? = 0
configure:5476: result: yes
configure:5476: checking for getopt_long
configure:5476: gcc -o conftest -g -O2   conftest.c -ldl -lm  >&5
configure:5476: $? = 0
configure:5476: result: yes
configure:5476: checking for getline
configure:5476: gcc -o conftest -g -O2   conftest.c -ldl -lm  >&5
configure:5476: $? = 0
configure:5476: result: yes
configure:5499: checking for pthread_create in -lpthread
configure:5524: gcc -o conftest -g -O2   conftest.c -lpthread  -ldl -lm  >&5
configure:5524: $? = 0
configure:5533: result: yes
configure:5544: checking pthread.h usability
configure:5544: gcc -c -g -O2  conftest.c >&5
configure:5544: $? = 0
configure:5544: result: yes
configure:5544: checking pthread.h presence
configure:5544: gcc -E  conftest.c
configure:5544: $? = 0
configure:5544: result: yes
configure:5544: checking for pthread.h
configure:5544: result: yes
configure:5838: Building without support for XML output.
configure:5960: Building without support for JSON output.
configure:6646: checking that generated files are newer than configure
configure:6652: result: done
configure:6743: creating ./config.status

## ---------------------- ##
## Running config.status. ##
## ---------------------- ##

This file was extended by FreeSASA config.status 2.0.3, which was
generated by GNU Autoconf 2.69.  Invocation command line was

  CONFIG_FILES    = 
  CONFIG_HEADERS  = 
  CONFIG_LINKS    = 
  CONFIG_COMMANDS = 
  $ ./config.status 

on rost

config.status:929: creating Makefile
config.status:929: creating src/Makefile
config.status:929: creating doc/Makefile
config.status:929: creating doc/Doxyfile
config.status:929: creating doc/man/freesasa.1
config.status:929: creating tests/Makefile
config.status:929: creating share/Makefile
config.status:929: creating tests/test-cli
config.status:929: creating config.h
config.status:1158: executing depfiles commands

## ---------------- ##
## Cache variables. ##
## ---------------- ##

ac_cv_c_compiler_gnu=yes
ac_cv_c_inline=inline
ac_cv_c_int16_t=yes
ac_cv_c_int32_t=yes
ac_cv_c_int8_t=yes
ac_cv_c_restrict=__restrict
ac_cv_c_uint16_t=yes
ac_cv_c_uint32_t=yes
ac_cv_c_uint64_t=yes
ac_cv_c_uint8_t=yes
ac_cv_env_CC_set=
ac_cv_env_CC_value=
ac_cv_env_CFLAGS_set=
ac_cv_env_CFLAGS_value=
ac_cv_env_CPPFLAGS_set=
ac_cv_env_CPPFLAGS_value=
ac_cv_env_CPP_set=
ac_cv_env_CPP_value=
ac_cv_env_LDFLAGS_set=
ac_cv_env_LDFLAGS_value=
ac_cv_env_LIBS_set=
ac_cv_env_LIBS_value=
ac_cv_env_PKG_CONFIG_LIBDIR_set=
ac_cv_env_PKG_CONFIG_LIBDIR_value=
ac_cv_env_PKG_CONFIG_PATH_set=
ac_cv_env_PKG_CONFIG_PATH_value=
ac_cv_env_PKG_CONFIG_set=
ac_cv_env_PKG_CONFIG_value=
ac_cv_env_build_alias_set=
ac_cv_env_build_alias_value=
ac_cv_env_host_alias_set=
ac_cv_env_host_alias_value=
ac_cv_env_libxml2_CFLAGS_set=
ac_cv_env_libxml2_CFLAGS_value=
ac_cv_env_libxml2_LIBS_set=
ac_cv_env_libxml2_LIBS_value=
ac_cv_env_target_alias_set=
ac_cv_env_target_alias_value=
ac_cv_func_alloca_works=yes
ac_cv_func_getline=yes
ac_cv_func_getopt_long=yes
ac_cv_func_malloc_0_nonnull=yes
ac_cv_func_memset=yes
ac_cv_func_mkdir=yes
ac_cv_func_realloc_0_nonnull=yes
ac_cv_func_sqrt=yes
ac_cv_func_strchr=yes
ac_cv_func_strdup=yes
ac_cv_func_strerror=yes
ac_cv_func_strncasecmp=yes
ac_cv_header_dlfcn_h=yes
ac_cv_header_inttypes_h=yes
ac_cv_header_libintl_h=yes
ac_cv_header_malloc_h=yes
ac_cv_header_memory_h=yes
ac_cv_header_pthread_h=yes
ac_cv_header_stdc=yes
ac_cv_header_stddef_h=yes
ac_cv_header_stdint_h=yes
ac_cv_header_stdlib_h=yes
ac_cv_header_string_h=yes
ac_cv_header_strings_h=yes
ac_cv_header_sys_stat_h=yes
ac_cv_header_sys_time_h=yes
ac_cv_header_sys_types_h=yes
ac_cv_header_unistd_h=yes
ac_cv_lib_dl_dlsym=yes
ac_cv_lib_m_sqrt=yes
ac_cv_lib_pthread_pthread_create=yes
ac_cv_objext=o
ac_cv_path_EGREP='/bin/grep -E'
ac_cv_path_GREP=/bin/grep
ac_cv_path_install='/usr/bin/install -c'
ac_cv_path_mkdir=/bin/mkdir
ac_cv_prog_AWK=mawk
ac_cv_prog_CPP='gcc -E'
ac_cv_prog_ac_ct_CC=gcc
ac_cv_prog_ac_ct_RANLIB=ranlib
ac_cv_prog_cc_c89=
ac_cv_prog_cc_c99=
ac_cv_prog_cc_g=yes
ac_cv_prog_make_make_set=yes
ac_cv_type_size_t=yes
ac_cv_working_alloca_h=yes
am_cv_CC_dependencies_compiler_type=gcc3
am_cv_make_support_nested_variables=yes
am_cv_prog_cc_c_o=yes

## ----------------- ##
## Output variables. ##
## ----------------- ##

ACLOCAL='${SHELL} /home/rost/PROJ/Halide_sites/freesasa-2.0.3/missing aclocal-1.15'
ALLOCA=''
AMDEPBACKSLASH='\'
AMDEP_FALSE='#'
AMDEP_TRUE=''
AMTAR='$${TAR-tar}'
AM_BACKSLASH='\'
AM_DEFAULT_V='$(AM_DEFAULT_VERBOSITY)'
AM_DEFAULT_VERBOSITY='1'
AM_V='$(V)'
AUTOCONF='${SHELL} /home/rost/PROJ/Halide_sites/freesasa-2.0.3/missing autoconf'
AUTOHEADER='${SHELL} /home/rost/PROJ/Halide_sites/freesasa-2.0.3/missing autoheader'
AUTOMAKE='${SHELL} /home/rost/PROJ/Halide_sites/freesasa-2.0.3/missing automake-1.15'
AWK='mawk'
BUILD_DOC_FALSE=''
BUILD_DOC_TRUE='#'
CC='gcc'
CCDEPMODE='depmode=gcc3'
CFLAGS='-g -O2'
COND_GCOV_FALSE=''
COND_GCOV_TRUE='#'
CPP='gcc -E'
CPPFLAGS=''
CYGPATH_W='echo'
DEFS='-DHAVE_CONFIG_H'
DEPDIR='.deps'
DOXYGEN=''
ECHO_C=''
ECHO_N='-n'
ECHO_T=''
EGREP='/bin/grep -E'
EXEEXT=''
GENERATE_PARSER_FALSE=''
GENERATE_PARSER_TRUE='#'
GREP='/bin/grep'
HAVE_DOXYGEN_FALSE=''
HAVE_DOXYGEN_TRUE='#'
INSTALL_DATA='${INSTALL} -m 644'
INSTALL_PROGRAM='${INSTALL}'
INSTALL_SCRIPT='${INSTALL}'
INSTALL_STRIP_PROGRAM='$(install_sh) -c -s'
JSONLINT=''
LDFLAGS=''
LEX=''
LEXLIB=''
LEX_OUTPUT_ROOT=''
LIBOBJS=''
LIBS='-lpthread -ldl -lm '
LTLIBOBJS=''
MAKEINFO='${SHELL} /home/rost/PROJ/Halide_sites/freesasa-2.0.3/missing makeinfo'
MKDIR_P='/bin/mkdir -p'
OBJEXT='o'
PACKAGE='freesasa'
PACKAGE_BUGREPORT=''
PACKAGE_NAME='FreeSASA'
PACKAGE_STRING='FreeSASA 2.0.3'
PACKAGE_TARNAME='freesasa'
PACKAGE_URL=''
PACKAGE_VERSION='2.0.3'
PATH_SEPARATOR=':'
PKG_CONFIG=''
PKG_CONFIG_LIBDIR=''
PKG_CONFIG_PATH=''
RANLIB='ranlib'
RUN_CLI_TESTS_FALSE='#'
RUN_CLI_TESTS_TRUE=''
SET_MAKE=''
SHELL='/bin/bash'
STRIP=''
USE_CHECK_FALSE=''
USE_CHECK_TRUE='#'
USE_JSON=''
USE_JSON_FALSE=''
USE_JSON_TRUE='#'
USE_THREADS_FALSE='#'
USE_THREADS_TRUE=''
USE_XML=''
USE_XML_FALSE=''
USE_XML_TRUE='#'
VERSION='2.0.3'
XMLLINT=''
YACC=''
ac_ct_CC='gcc'
am__EXEEXT_FALSE=''
am__EXEEXT_TRUE='#'
am__fastdepCC_FALSE='#'
am__fastdepCC_TRUE=''
am__include='include'
am__isrc=''
am__leading_dot='.'
am__nodep='_no'
am__quote=''
am__tar='$${TAR-tar} chof - "$$tardir"'
am__untar='$${TAR-tar} xf -'
bindir='${exec_prefix}/bin'
build_alias=''
datadir='${datarootdir}'
datarootdir='${prefix}/share'
docdir='${datarootdir}/doc/${PACKAGE_TARNAME}'
dvidir='${docdir}'
exec_prefix='${prefix}'
host_alias=''
htmldir='${docdir}'
includedir='${prefix}/include'
infodir='${datarootdir}/info'
install_sh='${SHELL} /home/rost/PROJ/Halide_sites/freesasa-2.0.3/install-sh'
libdir='${exec_prefix}/lib'
libexecdir='${exec_prefix}/libexec'
libxml2_CFLAGS=''
libxml2_LIBS=''
localedir='${datarootdir}/locale'
localstatedir='${prefix}/var'
mandir='${datarootdir}/man'
mkdir_p='$(MKDIR_P)'
oldincludedir='/usr/include'
pdfdir='${docdir}'
prefix='/usr/local'
program_transform_name='s,x,x,'
psdir='${docdir}'
sbindir='${exec_prefix}/sbin'
sharedstatedir='${prefix}/com'
sysconfdir='${prefix}/etc'
target_alias=''

## ----------- ##
## confdefs.h. ##
## ----------- ##

/* confdefs.h */
#define PACKAGE_NAME "FreeSASA"
#define PACKAGE_TARNAME "freesasa"
#define PACKAGE_VERSION "2.0.3"
#define PACKAGE_STRING "FreeSASA 2.0.3"
#define PACKAGE_BUGREPORT ""
#define PACKAGE_URL ""
#define PACKAGE "freesasa"
#define VERSION "2.0.3"
#define REPORTBUG "Report bugs to <https://github.com/mittinatten/freesasa/issues>"
#define HOMEPAGE "<http://freesasa.github.io>"
#define FREESASA_XMLNS "http://freesasa.github.io/"
#define HAVE_LIBM 1
#define HAVE_LIBDL 1
#define STDC_HEADERS 1
#define HAVE_SYS_TYPES_H 1
#define HAVE_SYS_STAT_H 1
#define HAVE_STDLIB_H 1
#define HAVE_STRING_H 1
#define HAVE_MEMORY_H 1
#define HAVE_STRINGS_H 1
#define HAVE_INTTYPES_H 1
#define HAVE_STDINT_H 1
#define HAVE_UNISTD_H 1
#define HAVE_ALLOCA_H 1
#define HAVE_ALLOCA 1
#define HAVE_INTTYPES_H 1
#define HAVE_LIBINTL_H 1
#define HAVE_MALLOC_H 1
#define HAVE_STDDEF_H 1
#define HAVE_STDLIB_H 1
#define HAVE_STRING_H 1
#define HAVE_STRINGS_H 1
#define HAVE_SYS_TIME_H 1
#define HAVE_UNISTD_H 1
#define HAVE_DLFCN_H 1
#define restrict __restrict
#define HAVE_STDLIB_H 1
#define HAVE_MALLOC 1
#define HAVE_STDLIB_H 1
#define HAVE_REALLOC 1
#define HAVE_MEMSET 1
#define HAVE_MKDIR 1
#define HAVE_SQRT 1
#define HAVE_STRCHR 1
#define HAVE_STRDUP 1
#define HAVE_STRERROR 1
#define HAVE_STRNCASECMP 1
#define HAVE_GETOPT_LONG 1
#define HAVE_GETLINE 1
#define HAVE_LIBPTHREAD 1
#define USE_THREADS 1
#define USE_XML 0
#define USE_JSON 0
#define USE_CHECK 0

configure: exit 0
